2021-10-22 05:07:25.688 | INFO     |  5720 | mycroft.messagebus.load_config:load_message_bus_config:33 | Loading message bus configs
2021-10-22 05:07:25.692 | INFO     |  5720 | mycroft_bus_client.client.client | Connected
2021-10-22 05:07:25.697 | INFO     |  5720 | mycroft.util.process_utils:start_message_bus_client:155 | Connected to messagebus
2021-10-22 05:07:25.710 | INFO     |  5720 | mycroft.skills.msm_wrapper:create_msm:96 | Acquiring lock to instantiate MSM
2021-10-22 05:07:27.064 | INFO     |  5720 | msm.mycroft_skills_manager | building SkillEntry objects for all skills
2021-10-22 05:07:27.532 | INFO     |  5720 | mycroft.skills.msm_wrapper:create_msm:112 | Releasing MSM instantiation lock.
2021-10-22 05:07:27.533 | INFO     |  5720 | mycroft.skills.skill_updater:_log_next_download_time:267 | Next scheduled skill update: 2021-10-22 05:07:26.532961
2021-10-22 05:07:27.533 | INFO     |  5720 | msm.skill_entry | Downloading skill: https://github.com/mycroftai/skill-pairing
2021-10-22 05:07:28.215 | INFO     |  5720 | msm.skill_entry | Installing system requirements...
2021-10-22 05:07:28.247 | INFO     |  5720 | msm.skill_entry | Successfully installed mycroft-pairing
2021-10-22 05:07:28.248 | INFO     |  5720 | msm.mycroft_skills_manager | invalidating skills cache
2021-10-22 05:07:28.249 | INFO     |  5720 | mycroft.skills.skill_loader:load:185 | ATTEMPTING TO LOAD SKILL: mycroft-pairing.mycroftai
2021-10-22 05:07:28.262 | INFO     |  5720 | mycroft.skills.settings:get_local_settings:83 | /opt/mycroft/skills/mycroft-pairing.mycroftai/settings.json
2021-10-22 05:07:28.312 | INFO     |  5720 | mycroft.skills.skill_loader:_check_for_first_run:324 | First run of mycroft-pairing.mycroftai
2021-10-22 05:07:28.313 | INFO     |  5720 | mycroft.skills.settings:save_settings:116 | Skill settings successfully saved to /home/runner/.config/mycroft/skills/mycroft-pairing.mycroftai/settings.json
2021-10-22 05:07:28.316 | INFO     |  5720 | mycroft.skills.skill_loader:_communicate_load_status:344 | Skill mycroft-pairing.mycroftai loaded successfully
2021-10-22 05:07:28.316 | INFO     |  5720 | msm.skill_entry | Downloading skill: https://github.com/mycroftai/skill-volume
2021-10-22 05:07:28.918 | INFO     |  5720 | msm.skill_entry | Installing system requirements...
2021-10-22 05:07:28.951 | INFO     |  5720 | msm.skill_entry | Installing requirements.txt for mycroft-volume
2021-10-22 05:07:30.369 | INFO     |  5720 | msm.skill_entry | Successfully installed mycroft-volume
2021-10-22 05:07:30.369 | INFO     |  5720 | msm.mycroft_skills_manager | invalidating skills cache
2021-10-22 05:07:30.385 | INFO     |  5720 | mycroft.skills.skill_loader:load:185 | ATTEMPTING TO LOAD SKILL: mycroft-volume.mycroftai
2021-10-22 05:07:30.394 | INFO     |  5720 | mycroft.skills.settings:get_local_settings:83 | /opt/mycroft/skills/mycroft-volume.mycroftai/settings.json
2021-10-22 05:07:30.452 | ERROR    |  5720 | VolumeSkill | Couldn't allocate mixer, ALSAAudioError('No such file or directory [default]')
2021-10-22 05:07:33.453 | INFO     |  5720 | mycroft.skills.skill_loader:_check_for_first_run:324 | First run of mycroft-volume.mycroftai
2021-10-22 05:07:33.455 | INFO     |  5720 | mycroft.skills.settings:save_settings:116 | Skill settings successfully saved to /home/runner/.config/mycroft/skills/mycroft-volume.mycroftai/settings.json
2021-10-22 05:07:33.456 | INFO     |  5720 | mycroft.skills.skill_loader:_communicate_load_status:344 | Skill mycroft-volume.mycroftai loaded successfully
2021-10-22 05:07:33.457 | INFO     |  5720 | __main__:on_started:177 | Skills service is starting up.
2021-10-22 05:07:33.532 | INFO     |  5720 | __main__:_update_system:154 | Attempting system update...
2021-10-22 05:07:36.541 | INFO     |  5720 | mycroft.enclosure.display_manager:_write_data:70 | Display Manager is creating /tmp/mycroft/ipc/managers/disp_info
2021-10-22 05:07:36.543 | INFO     |  5720 | __main__:_ensure_device_is_paired:133 | Device not paired, invoking the pairing skill
2021-10-22 05:07:36.550 | INFO     |  5720 | __main__:on_alive:181 | Skills service is alive.
2021-10-22 05:07:36.550 | INFO     |  5720 | msm.mycroft_skills_manager | building SkillEntry objects for all skills
2021-10-22 05:07:37.069 | INFO     |  5720 | PairingSkill | Communicating account URL to user
2021-10-22 05:07:37.207 | WARNING  |  5720 | msm.mycroft_skills_manager | No such default skill: mycroft-pandora
2021-10-22 05:07:37.283 | INFO     |  5720 | mycroft.skills.skill_manager:run:234 | Not all default skills are installed, performing skill update...
2021-10-22 05:07:37.283 | INFO     |  5720 | mycroft.skills.skill_updater:update_skills:149 | Beginning skill update...
2021-10-22 05:07:37.356 | INFO     |  5720 | msm.mycroft_skills_manager | building SkillEntry objects for all skills
2021-10-22 05:07:38.191 | INFO     |  5720 | msm.mycroft_skills_manager | invalidating skills cache
2021-10-22 05:07:38.208 | INFO     |  5720 | msm.skill_entry | Downloading skill: https://github.com/mycroftai/fallback-unknown
2021-10-22 05:07:38.210 | INFO     |  5720 | msm.skill_entry | Downloading skill: https://github.com/mycroftai/fallback-wolfram-alpha
2021-10-22 05:07:38.211 | INFO     |  5720 | msm.skill_entry | Downloading skill: https://github.com/mycroftai/skill-alarm
2021-10-22 05:07:38.211 | INFO     |  5720 | msm.skill_entry | Downloading skill: https://github.com/mycroftai/skill-audio-record
2021-10-22 05:07:38.212 | INFO     |  5720 | msm.skill_entry | Downloading skill: https://github.com/mycroftai/skill-configuration
2021-10-22 05:07:38.213 | INFO     |  5720 | msm.skill_entry | Downloading skill: https://github.com/mycroftai/skill-date-time
2021-10-22 05:07:38.214 | INFO     |  5720 | msm.skill_entry | Downloading skill: https://github.com/mycroftai/fallback-duckduckgo
2021-10-22 05:07:38.215 | INFO     |  5720 | msm.skill_entry | Downloading skill: https://github.com/mycroftai/skill-hello-world
2021-10-22 05:07:38.215 | INFO     |  5720 | msm.skill_entry | Downloading skill: https://github.com/mycroftai/skill-installer
2021-10-22 05:07:38.216 | INFO     |  5720 | msm.skill_entry | Downloading skill: https://github.com/mycroftai/skill-ip
2021-10-22 05:07:38.217 | INFO     |  5720 | msm.skill_entry | Downloading skill: https://github.com/mycroftai/skill-joke
2021-10-22 05:07:38.219 | INFO     |  5720 | msm.skill_entry | Downloading skill: https://github.com/mycroftai/skill-naptime
2021-10-22 05:07:38.220 | INFO     |  5720 | msm.skill_entry | Downloading skill: https://github.com/mycroftai/skill-npr-news
2021-10-22 05:07:38.221 | INFO     |  5720 | msm.skill_entry | Downloading skill: https://github.com/mycroftai/skill-playback-control
2021-10-22 05:07:38.222 | INFO     |  5720 | msm.skill_entry | Downloading skill: https://github.com/mycroftai/skill-reminder
2021-10-22 05:07:38.223 | INFO     |  5720 | msm.skill_entry | Downloading skill: https://github.com/mycroftai/skill-singing
2021-10-22 05:07:38.223 | INFO     |  5720 | msm.skill_entry | Downloading skill: https://github.com/mycroftai/skill-personal
2021-10-22 05:07:39.299 | ERROR    |  5720 | msm.mycroft_skills_manager | Error running install_or_update on homeassistant.mycroftai: MergeConflict
2021-10-22 05:07:39.302 | INFO     |  5720 | msm.skill_entry | Downloading skill: https://github.com/mycroftai/skill-speak
2021-10-22 05:07:39.534 | INFO     |  5720 | msm.skill_entry | Installing system requirements...
2021-10-22 05:07:39.857 | INFO     |  5720 | msm.skill_entry | Successfully installed fallback-unknown
2021-10-22 05:07:39.858 | INFO     |  5720 | msm.mycroft_skills_manager | invalidating skills cache
2021-10-22 05:07:39.859 | INFO     |  5720 | msm.skill_entry | Downloading skill: https://github.com/mycroftai/skill-spelling
2021-10-22 05:07:39.893 | INFO     |  5720 | msm.skill_entry | Installing system requirements...
2021-10-22 05:07:39.927 | INFO     |  5720 | msm.skill_entry | Installing system requirements...
2021-10-22 05:07:40.012 | INFO     |  5720 | msm.skill_entry | Installing system requirements...
2021-10-22 05:07:40.048 | INFO     |  5720 | msm.skill_entry | Installing system requirements...
2021-10-22 05:07:40.051 | INFO     |  5720 | msm.skill_entry | Installing system requirements...
2021-10-22 05:07:40.100 | INFO     |  5720 | msm.skill_entry | Installing system requirements...
2021-10-22 05:07:40.214 | INFO     |  5720 | msm.skill_entry | Installing system requirements...
2021-10-22 05:07:40.218 | INFO     |  5720 | msm.skill_entry | Successfully installed mycroft-hello-world
2021-10-22 05:07:40.219 | INFO     |  5720 | msm.mycroft_skills_manager | invalidating skills cache
2021-10-22 05:07:40.221 | INFO     |  5720 | msm.skill_entry | Downloading skill: https://github.com/mycroftai/skill-stop
2021-10-22 05:07:40.254 | INFO     |  5720 | msm.skill_entry | Nothing new for mycroft-volume
2021-10-22 05:07:40.258 | INFO     |  5720 | msm.skill_entry | Installing requirements.txt for mycroft-fallback-duck-duck-go
2021-10-22 05:07:40.267 | INFO     |  5720 | msm.skill_entry | Installing requirements.txt for mycroft-joke
2021-10-22 05:07:40.299 | INFO     |  5720 | msm.skill_entry | Installing requirements.txt for mycroft-ip
2021-10-22 05:07:40.304 | INFO     |  5720 | msm.skill_entry | Successfully installed mycroft-personal
2021-10-22 05:07:40.305 | INFO     |  5720 | msm.mycroft_skills_manager | invalidating skills cache
2021-10-22 05:07:40.307 | INFO     |  5720 | msm.skill_entry | Downloading skill: https://github.com/mycroftai/skill-support
2021-10-22 05:07:40.343 | INFO     |  5720 | msm.skill_entry | Installing system requirements...
2021-10-22 05:07:40.344 | INFO     |  5720 | msm.skill_entry | Successfully installed mycroft-naptime
2021-10-22 05:07:40.348 | INFO     |  5720 | msm.mycroft_skills_manager | invalidating skills cache
2021-10-22 05:07:40.351 | INFO     |  5720 | msm.skill_entry | Downloading skill: https://github.com/mycroftai/mycroft-timer
2021-10-22 05:07:40.417 | INFO     |  5720 | msm.skill_entry | Installing requirements.txt for mycroft-audio-record
2021-10-22 05:07:40.418 | INFO     |  5720 | msm.skill_entry | Installing system requirements...
2021-10-22 05:07:40.421 | INFO     |  5720 | msm.skill_entry | Installing system requirements...
2021-10-22 05:07:40.439 | INFO     |  5720 | msm.skill_entry | Nothing new for mycroft-pairing
2021-10-22 05:07:40.528 | INFO     |  5720 | msm.skill_entry | Installing system requirements...
2021-10-22 05:07:40.556 | INFO     |  5720 | msm.skill_entry | Installing requirements.txt for fallback-wolfram-alpha
2021-10-22 05:07:40.566 | INFO     |  5720 | msm.skill_entry | Successfully installed mycroft-playback-control
2021-10-22 05:07:40.567 | INFO     |  5720 | msm.mycroft_skills_manager | invalidating skills cache
2021-10-22 05:07:40.568 | INFO     |  5720 | msm.skill_entry | Downloading skill: https://github.com/mycroftai/skill-weather
2021-10-22 05:07:40.585 | INFO     |  5720 | msm.skill_entry | Installing requirements.txt for mycroft-volume
2021-10-22 05:07:40.619 | INFO     |  5720 | msm.skill_entry | Downloading skill: https://github.com/mycroftai/skill-version-checker
2021-10-22 05:07:40.998 | INFO     |  5720 | msm.skill_entry | Installing system requirements...
2021-10-22 05:07:41.019 | INFO     |  5720 | msm.skill_entry | Installing requirements.txt for mycroft-configuration
2021-10-22 05:07:41.449 | INFO     |  5720 | msm.skill_entry | Installing system requirements...
2021-10-22 05:07:41.476 | INFO     |  5720 | msm.skill_entry | Installing requirements.txt for mycroft-installer
2021-10-22 05:07:41.991 | INFO     |  5720 | msm.skill_entry | Installing system requirements...
2021-10-22 05:07:42.045 | INFO     |  5720 | msm.skill_entry | Installing system requirements...
2021-10-22 05:07:42.046 | INFO     |  5720 | msm.skill_entry | Installing system requirements...
2021-10-22 05:07:42.047 | INFO     |  5720 | msm.skill_entry | Installing system requirements...
2021-10-22 05:07:42.047 | INFO     |  5720 | msm.skill_entry | Installing system requirements...
2021-10-22 05:07:42.085 | INFO     |  5720 | msm.skill_entry | Successfully installed mycroft-stop
2021-10-22 05:07:42.086 | INFO     |  5720 | msm.mycroft_skills_manager | invalidating skills cache
2021-10-22 05:07:42.087 | INFO     |  5720 | msm.skill_entry | Downloading skill: https://github.com/mycroftai/skill-wiki
2021-10-22 05:07:42.094 | INFO     |  5720 | msm.skill_entry | Successfully installed mycroft-speak
2021-10-22 05:07:42.094 | INFO     |  5720 | msm.mycroft_skills_manager | invalidating skills cache
2021-10-22 05:07:42.103 | INFO     |  5720 | msm.skill_entry | Downloading skill: https://github.com/MycroftAI/skill-query
2021-10-22 05:07:42.131 | INFO     |  5720 | msm.skill_entry | Installing requirements.txt for mycroft-support-helper
2021-10-22 05:07:42.135 | INFO     |  5720 | msm.skill_entry | Installing system requirements...
2021-10-22 05:07:42.146 | INFO     |  5720 | msm.skill_entry | Successfully installed mycroft-spelling
2021-10-22 05:07:42.146 | INFO     |  5720 | msm.mycroft_skills_manager | invalidating skills cache
2021-10-22 05:07:42.192 | INFO     |  5720 | msm.skill_entry | Installing requirements.txt for mycroft-npr-news
2021-10-22 05:07:42.293 | INFO     |  5720 | msm.skill_entry | Successfully installed mycroft-reminder
2021-10-22 05:07:42.293 | INFO     |  5720 | msm.mycroft_skills_manager | invalidating skills cache
2021-10-22 05:07:42.302 | INFO     |  5720 | msm.skill_entry | Installing system requirements...
2021-10-22 05:07:42.323 | INFO     |  5720 | msm.skill_entry | Installing system requirements...
2021-10-22 05:07:42.328 | INFO     |  5720 | msm.skill_entry | Installing system requirements...
2021-10-22 05:07:42.395 | INFO     |  5720 | msm.skill_entry | Successfully installed mycroft-version-checker
2021-10-22 05:07:42.395 | INFO     |  5720 | msm.mycroft_skills_manager | invalidating skills cache
2021-10-22 05:07:42.402 | INFO     |  5720 | msm.skill_entry | Installing system requirements...
2021-10-22 05:07:42.406 | INFO     |  5720 | msm.skill_entry | Installing requirements.txt for mycroft-date-time
2021-10-22 05:07:42.463 | INFO     |  5720 | msm.skill_entry | Successfully installed mycroft-timer
2021-10-22 05:07:42.464 | INFO     |  5720 | msm.mycroft_skills_manager | invalidating skills cache
2021-10-22 05:07:42.464 | INFO     |  5720 | msm.skill_entry | Installing requirements.txt for mycroft-alarm
2021-10-22 05:07:42.606 | INFO     |  5720 | msm.skill_entry | Installing system requirements...
2021-10-22 05:07:42.658 | INFO     |  5720 | msm.skill_entry | Installing requirements.txt for mycroft-weather
2021-10-22 05:07:42.701 | ERROR    |  5720 | msm.mycroft_skills_manager | Error running install_or_update on homeassistant: MergeConflict
2021-10-22 05:07:42.835 | INFO     |  5720 | msm.skill_entry | Installing system requirements...
2021-10-22 05:07:42.862 | INFO     |  5720 | msm.skill_entry | Successfully installed mycroft-singing
2021-10-22 05:07:42.862 | INFO     |  5720 | msm.mycroft_skills_manager | invalidating skills cache
2021-10-22 05:07:42.981 | INFO     |  5720 | msm.skill_entry | Installing system requirements...
2021-10-22 05:07:43.012 | INFO     |  5720 | msm.skill_entry | Installing system requirements...
2021-10-22 05:07:43.020 | INFO     |  5720 | msm.skill_entry | Successfully installed fallback-query
2021-10-22 05:07:43.020 | INFO     |  5720 | msm.mycroft_skills_manager | invalidating skills cache
2021-10-22 05:07:43.043 | INFO     |  5720 | msm.skill_entry | Installing requirements.txt for mycroft-wiki
2021-10-22 05:07:43.272 | INFO     |  5720 | msm.skill_entry | Successfully installed mycroft-fallback-duck-duck-go
2021-10-22 05:07:43.273 | INFO     |  5720 | msm.mycroft_skills_manager | invalidating skills cache
2021-10-22 05:07:44.410 | INFO     |  5720 | msm.skill_entry | Successfully installed mycroft-joke
2021-10-22 05:07:44.410 | INFO     |  5720 | msm.mycroft_skills_manager | invalidating skills cache
2021-10-22 05:07:45.306 | INFO     |  5720 | msm.skill_entry | Successfully installed mycroft-ip
2021-10-22 05:07:45.306 | INFO     |  5720 | msm.mycroft_skills_manager | invalidating skills cache
2021-10-22 05:07:46.226 | INFO     |  5720 | msm.skill_entry | Successfully installed mycroft-audio-record
2021-10-22 05:07:46.227 | INFO     |  5720 | msm.mycroft_skills_manager | invalidating skills cache
2021-10-22 05:07:50.482 | INFO     |  5720 | msm.skill_entry | Successfully installed fallback-wolfram-alpha
2021-10-22 05:07:50.483 | INFO     |  5720 | msm.mycroft_skills_manager | invalidating skills cache
2021-10-22 05:07:54.014 | INFO     |  5720 | msm.skill_entry | Successfully installed mycroft-configuration
2021-10-22 05:07:54.015 | INFO     |  5720 | msm.mycroft_skills_manager | invalidating skills cache
2021-10-22 05:07:54.983 | INFO     |  5720 | msm.skill_entry | Successfully installed mycroft-installer
2021-10-22 05:07:54.984 | INFO     |  5720 | msm.mycroft_skills_manager | invalidating skills cache
2021-10-22 05:07:57.198 | INFO     |  5720 | msm.skill_entry | Successfully installed mycroft-support-helper
2021-10-22 05:07:57.199 | INFO     |  5720 | msm.mycroft_skills_manager | invalidating skills cache
2021-10-22 05:08:00.605 | INFO     |  5720 | msm.skill_entry | Successfully installed mycroft-npr-news
2021-10-22 05:08:00.606 | INFO     |  5720 | msm.mycroft_skills_manager | invalidating skills cache
2021-10-22 05:08:07.405 | INFO     |  5720 | PairingSkill | Initiating device pairing sequence...
2021-10-22 05:08:07.406 | INFO     |  5720 | PairingSkill | Retrieving pairing code from device API...
2021-10-22 05:08:07.796 | INFO     |  5720 | PairingSkill | Pairing code obtained: XRCCM4
2021-10-22 05:08:07.796 | INFO     |  5720 | PairingSkill | Communicating pairing URL to user
2021-10-22 05:08:17.637 | INFO     |  5720 | msm.skill_entry | Successfully installed mycroft-date-time
2021-10-22 05:08:17.639 | INFO     |  5720 | msm.mycroft_skills_manager | invalidating skills cache
2021-10-22 05:08:18.711 | INFO     |  5720 | msm.skill_entry | Successfully installed mycroft-alarm
2021-10-22 05:08:18.711 | INFO     |  5720 | msm.mycroft_skills_manager | invalidating skills cache
2021-10-22 05:08:19.770 | INFO     |  5720 | msm.skill_entry | Successfully installed mycroft-weather
2021-10-22 05:08:19.771 | INFO     |  5720 | msm.mycroft_skills_manager | invalidating skills cache
2021-10-22 05:08:22.021 | INFO     |  5720 | msm.skill_entry | Successfully installed mycroft-wiki
2021-10-22 05:08:22.021 | INFO     |  5720 | msm.mycroft_skills_manager | invalidating skills cache
2021-10-22 05:08:22.145 | INFO     |  5720 | mycroft.skills.skill_updater:_log_next_download_time:267 | Next scheduled skill update: 2021-10-22 06:08:22.144567
2021-10-22 05:08:22.145 | INFO     |  5720 | mycroft.skills.skill_updater:update_skills:170 | Skill update complete
2021-10-22 05:08:22.145 | INFO     |  5720 | mycroft.skills.skill_manager:_load_on_startup:273 | Loading installed skills...
2021-10-22 05:08:22.147 | INFO     |  5720 | mycroft.skills.skill_loader:load:185 | ATTEMPTING TO LOAD SKILL: mycroft-ip.mycroftai
2021-10-22 05:08:22.272 | INFO     |  5720 | mycroft.skills.settings:get_local_settings:83 | /opt/mycroft/skills/mycroft-ip.mycroftai/settings.json
2021-10-22 05:08:22.295 | INFO     |  5720 | mycroft.skills.skill_loader:_check_for_first_run:324 | First run of mycroft-ip.mycroftai
2021-10-22 05:08:22.298 | INFO     |  5720 | mycroft.skills.settings:save_settings:116 | Skill settings successfully saved to /home/runner/.config/mycroft/skills/mycroft-ip.mycroftai/settings.json
2021-10-22 05:08:22.346 | INFO     |  5720 | mycroft.skills.skill_loader:_communicate_load_status:344 | Skill mycroft-ip.mycroftai loaded successfully
2021-10-22 05:08:22.347 | INFO     |  5720 | mycroft.skills.skill_loader:load:185 | ATTEMPTING TO LOAD SKILL: mycroft-reminder.mycroftai
2021-10-22 05:08:22.416 | INFO     |  5720 | mycroft.skills.settings:get_local_settings:83 | /opt/mycroft/skills/mycroft-reminder.mycroftai/settings.json
2021-10-22 05:08:22.442 | INFO     |  5720 | mycroft.skills.skill_loader:_check_for_first_run:324 | First run of mycroft-reminder.mycroftai
2021-10-22 05:08:22.443 | INFO     |  5720 | mycroft.skills.settings:save_settings:116 | Skill settings successfully saved to /home/runner/.config/mycroft/skills/mycroft-reminder.mycroftai/settings.json
2021-10-22 05:08:22.449 | INFO     |  5720 | mycroft.skills.skill_loader:_communicate_load_status:344 | Skill mycroft-reminder.mycroftai loaded successfully
2021-10-22 05:08:22.450 | INFO     |  5720 | mycroft.skills.skill_loader:load:185 | ATTEMPTING TO LOAD SKILL: mycroft-installer.mycroftai
2021-10-22 05:08:22.471 | INFO     |  5720 | mycroft.skills.settings:get_local_settings:83 | /opt/mycroft/skills/mycroft-installer.mycroftai/settings.json
2021-10-22 05:08:22.495 | INFO     |  5720 | mycroft.skills.skill_loader:_check_for_first_run:324 | First run of mycroft-installer.mycroftai
2021-10-22 05:08:22.496 | INFO     |  5720 | mycroft.skills.settings:save_settings:116 | Skill settings successfully saved to /home/runner/.config/mycroft/skills/mycroft-installer.mycroftai/settings.json
2021-10-22 05:08:22.496 | INFO     |  5720 | mycroft.skills.skill_loader:_communicate_load_status:344 | Skill mycroft-installer.mycroftai loaded successfully
2021-10-22 05:08:22.501 | INFO     |  5720 | mycroft.skills.skill_loader:load:185 | ATTEMPTING TO LOAD SKILL: mycroft-version-checker.mycroftai
2021-10-22 05:08:22.520 | INFO     |  5720 | mycroft.skills.settings:get_local_settings:83 | /opt/mycroft/skills/mycroft-version-checker.mycroftai/settings.json
2021-10-22 05:08:22.554 | INFO     |  5720 | mycroft.skills.skill_loader:_check_for_first_run:324 | First run of mycroft-version-checker.mycroftai
2021-10-22 05:08:22.555 | INFO     |  5720 | mycroft.skills.settings:save_settings:116 | Skill settings successfully saved to /home/runner/.config/mycroft/skills/mycroft-version-checker.mycroftai/settings.json
2021-10-22 05:08:22.555 | INFO     |  5720 | mycroft.skills.skill_loader:_communicate_load_status:344 | Skill mycroft-version-checker.mycroftai loaded successfully
2021-10-22 05:08:22.556 | INFO     |  5720 | mycroft.skills.skill_loader:load:185 | ATTEMPTING TO LOAD SKILL: mycroft-singing.mycroftai
2021-10-22 05:08:22.560 | INFO     |  5720 | mycroft.skills.settings:get_local_settings:83 | /opt/mycroft/skills/mycroft-singing.mycroftai/settings.json
2021-10-22 05:08:22.569 | INFO     |  5720 | mycroft.skills.skill_loader:_check_for_first_run:324 | First run of mycroft-singing.mycroftai
2021-10-22 05:08:22.570 | INFO     |  5720 | mycroft.skills.settings:save_settings:116 | Skill settings successfully saved to /home/runner/.config/mycroft/skills/mycroft-singing.mycroftai/settings.json
2021-10-22 05:08:22.571 | INFO     |  5720 | mycroft.skills.skill_loader:_communicate_load_status:344 | Skill mycroft-singing.mycroftai loaded successfully
2021-10-22 05:08:22.572 | INFO     |  5720 | mycroft.skills.skill_loader:load:185 | ATTEMPTING TO LOAD SKILL: mycroft-joke.mycroftai
2021-10-22 05:08:22.586 | INFO     |  5720 | mycroft.skills.settings:get_local_settings:83 | /opt/mycroft/skills/mycroft-joke.mycroftai/settings.json
2021-10-22 05:08:22.614 | INFO     |  5720 | mycroft.skills.skill_loader:_check_for_first_run:324 | First run of mycroft-joke.mycroftai
2021-10-22 05:08:22.614 | INFO     |  5720 | mycroft.skills.settings:save_settings:116 | Skill settings successfully saved to /home/runner/.config/mycroft/skills/mycroft-joke.mycroftai/settings.json
2021-10-22 05:08:22.631 | INFO     |  5720 | mycroft.skills.skill_loader:_communicate_load_status:344 | Skill mycroft-joke.mycroftai loaded successfully
2021-10-22 05:08:22.631 | INFO     |  5720 | mycroft.skills.skill_loader:load:185 | ATTEMPTING TO LOAD SKILL: mycroft-timer.mycroftai
2021-10-22 05:08:22.690 | INFO     |  5720 | mycroft.skills.settings:get_local_settings:83 | /opt/mycroft/skills/mycroft-timer.mycroftai/settings.json
2021-10-22 05:08:22.825 | INFO     |  5720 | mycroft.skills.skill_loader:_check_for_first_run:324 | First run of mycroft-timer.mycroftai
2021-10-22 05:08:22.829 | INFO     |  5720 | mycroft.skills.settings:save_settings:116 | Skill settings successfully saved to /home/runner/.config/mycroft/skills/mycroft-timer.mycroftai/settings.json
2021-10-22 05:08:22.833 | INFO     |  5720 | mycroft.skills.skill_loader:_communicate_load_status:344 | Skill mycroft-timer.mycroftai loaded successfully
2021-10-22 05:08:22.834 | INFO     |  5720 | mycroft.skills.skill_loader:load:185 | ATTEMPTING TO LOAD SKILL: homeassistant.mycroftai
2021-10-22 05:08:23.226 | INFO     |  5720 | mycroft.skills.settings:get_local_settings:83 | /opt/mycroft/skills/homeassistant.mycroftai/settings.json
2021-10-22 05:08:23.227 | INFO     |  5720 | mycroft.skills.settings:get_local_settings:83 | /opt/mycroft/skills/homeassistant.mycroftai/settings.json
2021-10-22 05:08:23.301 | INFO     |  5720 | mycroft.skills.skill_loader:_communicate_load_status:344 | Skill homeassistant.mycroftai loaded successfully
2021-10-22 05:08:23.302 | INFO     |  5720 | mycroft.skills.skill_loader:load:185 | ATTEMPTING TO LOAD SKILL: mycroft-alarm.mycroftai
2021-10-22 05:08:23.376 | INFO     |  5720 | mycroft.skills.settings:get_local_settings:83 | /opt/mycroft/skills/mycroft-alarm.mycroftai/settings.json
2021-10-22 05:08:23.376 | ERROR    |  5720 | AlarmSkill | Couldn't allocate mixer, ALSAAudioError('No such file or directory [default]')
2021-10-22 05:08:23.463 | INFO     |  5720 | mycroft.skills.skill_loader:_check_for_first_run:324 | First run of mycroft-alarm.mycroftai
2021-10-22 05:08:23.464 | INFO     |  5720 | mycroft.skills.settings:save_settings:116 | Skill settings successfully saved to /home/runner/.config/mycroft/skills/mycroft-alarm.mycroftai/settings.json
2021-10-22 05:08:23.467 | INFO     |  5720 | mycroft.skills.skill_loader:_communicate_load_status:344 | Skill mycroft-alarm.mycroftai loaded successfully
2021-10-22 05:08:23.468 | INFO     |  5720 | mycroft.skills.skill_loader:load:185 | ATTEMPTING TO LOAD SKILL: mycroft-naptime.mycroftai
2021-10-22 05:08:23.472 | INFO     |  5720 | mycroft.skills.settings:get_local_settings:83 | /opt/mycroft/skills/mycroft-naptime.mycroftai/settings.json
2021-10-22 05:08:23.503 | INFO     |  5720 | mycroft.skills.skill_loader:_check_for_first_run:324 | First run of mycroft-naptime.mycroftai
2021-10-22 05:08:23.505 | INFO     |  5720 | mycroft.skills.settings:save_settings:116 | Skill settings successfully saved to /home/runner/.config/mycroft/skills/mycroft-naptime.mycroftai/settings.json
2021-10-22 05:08:23.508 | INFO     |  5720 | mycroft.skills.skill_loader:_communicate_load_status:344 | Skill mycroft-naptime.mycroftai loaded successfully
2021-10-22 05:08:23.508 | INFO     |  5720 | mycroft.skills.skill_loader:load:185 | ATTEMPTING TO LOAD SKILL: mycroft-spelling.mycroftai
2021-10-22 05:08:23.514 | INFO     |  5720 | mycroft.skills.settings:get_local_settings:83 | /opt/mycroft/skills/mycroft-spelling.mycroftai/settings.json
2021-10-22 05:08:23.551 | INFO     |  5720 | mycroft.skills.skill_loader:_check_for_first_run:324 | First run of mycroft-spelling.mycroftai
2021-10-22 05:08:23.552 | INFO     |  5720 | mycroft.skills.settings:save_settings:116 | Skill settings successfully saved to /home/runner/.config/mycroft/skills/mycroft-spelling.mycroftai/settings.json
2021-10-22 05:08:23.553 | INFO     |  5720 | mycroft.skills.skill_loader:_communicate_load_status:344 | Skill mycroft-spelling.mycroftai loaded successfully
2021-10-22 05:08:23.553 | INFO     |  5720 | mycroft.skills.skill_loader:load:185 | ATTEMPTING TO LOAD SKILL: mycroft-fallback-duck-duck-go.mycroftai
2021-10-22 05:08:23.568 | INFO     |  5720 | mycroft.skills.settings:get_local_settings:83 | /opt/mycroft/skills/mycroft-fallback-duck-duck-go.mycroftai/settings.json
2021-10-22 05:08:23.600 | INFO     |  5720 | mycroft.skills.skill_loader:_check_for_first_run:324 | First run of mycroft-fallback-duck-duck-go.mycroftai
2021-10-22 05:08:23.600 | INFO     |  5720 | mycroft.skills.settings:save_settings:116 | Skill settings successfully saved to /home/runner/.config/mycroft/skills/mycroft-fallback-duck-duck-go.mycroftai/settings.json
2021-10-22 05:08:23.601 | INFO     |  5720 | mycroft.skills.skill_loader:_communicate_load_status:344 | Skill mycroft-fallback-duck-duck-go.mycroftai loaded successfully
2021-10-22 05:08:23.607 | INFO     |  5720 | mycroft.skills.skill_loader:load:185 | ATTEMPTING TO LOAD SKILL: mycroft-npr-news.mycroftai
2021-10-22 05:08:23.672 | INFO     |  5720 | mycroft.skills.settings:get_local_settings:83 | /opt/mycroft/skills/mycroft-npr-news.mycroftai/settings.json
2021-10-22 05:08:24.693 | INFO     |  5720 | mycroft.skills.skill_loader:_check_for_first_run:324 | First run of mycroft-npr-news.mycroftai
2021-10-22 05:08:24.693 | INFO     |  5720 | mycroft.skills.settings:save_settings:116 | Skill settings successfully saved to /home/runner/.config/mycroft/skills/mycroft-npr-news.mycroftai/settings.json
2021-10-22 05:08:24.694 | INFO     |  5720 | mycroft.skills.skill_loader:_communicate_load_status:344 | Skill mycroft-npr-news.mycroftai loaded successfully
2021-10-22 05:08:24.695 | INFO     |  5720 | mycroft.skills.skill_loader:load:185 | ATTEMPTING TO LOAD SKILL: mycroft-support-helper.mycroftai
2021-10-22 05:08:24.704 | INFO     |  5720 | mycroft.skills.settings:get_local_settings:83 | /opt/mycroft/skills/mycroft-support-helper.mycroftai/settings.json
2021-10-22 05:08:24.717 | INFO     |  5720 | mycroft.skills.skill_loader:_check_for_first_run:324 | First run of mycroft-support-helper.mycroftai
2021-10-22 05:08:24.718 | INFO     |  5720 | mycroft.skills.settings:save_settings:116 | Skill settings successfully saved to /home/runner/.config/mycroft/skills/mycroft-support-helper.mycroftai/settings.json
2021-10-22 05:08:24.719 | INFO     |  5720 | mycroft.skills.skill_loader:_communicate_load_status:344 | Skill mycroft-support-helper.mycroftai loaded successfully
2021-10-22 05:08:24.722 | INFO     |  5720 | mycroft.skills.skill_loader:load:185 | ATTEMPTING TO LOAD SKILL: mycroft-weather.mycroftai
2021-10-22 05:08:24.744 | INFO     |  5720 | mycroft.skills.settings:get_local_settings:83 | /opt/mycroft/skills/mycroft-weather.mycroftai/settings.json
2021-10-22 05:08:24.824 | INFO     |  5720 | mycroft.skills.skill_loader:_check_for_first_run:324 | First run of mycroft-weather.mycroftai
2021-10-22 05:08:24.824 | INFO     |  5720 | mycroft.skills.settings:save_settings:116 | Skill settings successfully saved to /home/runner/.config/mycroft/skills/mycroft-weather.mycroftai/settings.json
2021-10-22 05:08:24.826 | INFO     |  5720 | mycroft.skills.skill_loader:_communicate_load_status:344 | Skill mycroft-weather.mycroftai loaded successfully
2021-10-22 05:08:24.827 | INFO     |  5720 | mycroft.skills.skill_loader:load:185 | ATTEMPTING TO LOAD SKILL: mycroft-speak.mycroftai
2021-10-22 05:08:24.833 | INFO     |  5720 | mycroft.skills.settings:get_local_settings:83 | /opt/mycroft/skills/mycroft-speak.mycroftai/settings.json
2021-10-22 05:08:24.870 | INFO     |  5720 | mycroft.skills.skill_loader:_check_for_first_run:324 | First run of mycroft-speak.mycroftai
2021-10-22 05:08:24.871 | INFO     |  5720 | mycroft.skills.settings:save_settings:116 | Skill settings successfully saved to /home/runner/.config/mycroft/skills/mycroft-speak.mycroftai/settings.json
2021-10-22 05:08:24.872 | INFO     |  5720 | mycroft.skills.skill_loader:_communicate_load_status:344 | Skill mycroft-speak.mycroftai loaded successfully
2021-10-22 05:08:24.873 | INFO     |  5720 | mycroft.skills.skill_loader:load:185 | ATTEMPTING TO LOAD SKILL: mycroft-audio-record.mycroftai
2021-10-22 05:08:24.884 | INFO     |  5720 | mycroft.skills.settings:get_local_settings:83 | /opt/mycroft/skills/mycroft-audio-record.mycroftai/settings.json
2021-10-22 05:08:24.902 | INFO     |  5720 | mycroft.skills.skill_loader:_check_for_first_run:324 | First run of mycroft-audio-record.mycroftai
2021-10-22 05:08:24.903 | INFO     |  5720 | mycroft.skills.settings:save_settings:116 | Skill settings successfully saved to /home/runner/.config/mycroft/skills/mycroft-audio-record.mycroftai/settings.json
2021-10-22 05:08:24.905 | INFO     |  5720 | mycroft.skills.skill_loader:_communicate_load_status:344 | Skill mycroft-audio-record.mycroftai loaded successfully
2021-10-22 05:08:24.906 | INFO     |  5720 | mycroft.skills.skill_loader:load:185 | ATTEMPTING TO LOAD SKILL: mycroft-stop.mycroftai
2021-10-22 05:08:24.925 | INFO     |  5720 | mycroft.skills.settings:get_local_settings:83 | /opt/mycroft/skills/mycroft-stop.mycroftai/settings.json
2021-10-22 05:08:24.954 | INFO     |  5720 | mycroft.skills.skill_loader:_check_for_first_run:324 | First run of mycroft-stop.mycroftai
2021-10-22 05:08:24.955 | INFO     |  5720 | mycroft.skills.settings:save_settings:116 | Skill settings successfully saved to /home/runner/.config/mycroft/skills/mycroft-stop.mycroftai/settings.json
2021-10-22 05:08:24.963 | INFO     |  5720 | mycroft.skills.skill_loader:_communicate_load_status:344 | Skill mycroft-stop.mycroftai loaded successfully
2021-10-22 05:08:24.963 | INFO     |  5720 | mycroft.skills.skill_loader:load:185 | ATTEMPTING TO LOAD SKILL: mycroft-hello-world.mycroftai
2021-10-22 05:08:24.973 | INFO     |  5720 | mycroft.skills.settings:get_local_settings:83 | /opt/mycroft/skills/mycroft-hello-world.mycroftai/settings.json
2021-10-22 05:08:25.012 | INFO     |  5720 | mycroft.skills.skill_loader:_check_for_first_run:324 | First run of mycroft-hello-world.mycroftai
2021-10-22 05:08:25.013 | INFO     |  5720 | mycroft.skills.settings:save_settings:116 | Skill settings successfully saved to /home/runner/.config/mycroft/skills/mycroft-hello-world.mycroftai/settings.json
2021-10-22 05:08:25.014 | INFO     |  5720 | mycroft.skills.skill_loader:_communicate_load_status:344 | Skill mycroft-hello-world.mycroftai loaded successfully
2021-10-22 05:08:25.017 | INFO     |  5720 | mycroft.skills.skill_loader:load:185 | ATTEMPTING TO LOAD SKILL: mycroft-date-time.mycroftai
2021-10-22 05:08:25.725 | INFO     |  5720 | mycroft.skills.settings:get_local_settings:83 | /opt/mycroft/skills/mycroft-date-time.mycroftai/settings.json
2021-10-22 05:08:25.811 | INFO     |  5720 | TimeSkill | Registering resting screen <bound method TimeSkill.handle_idle of <mycroft-date-time_mycroftai.TimeSkill object at 0x7f3314543650>> for Time and Date.
2021-10-22 05:08:25.813 | INFO     |  5720 | TimeSkill | Registering resting screen
2021-10-22 05:08:25.817 | INFO     |  5720 | mycroft.skills.skill_loader:_check_for_first_run:324 | First run of mycroft-date-time.mycroftai
2021-10-22 05:08:25.818 | INFO     |  5720 | mycroft.skills.settings:save_settings:116 | Skill settings successfully saved to /home/runner/.config/mycroft/skills/mycroft-date-time.mycroftai/settings.json
2021-10-22 05:08:25.818 | INFO     |  5720 | mycroft.skills.skill_loader:_communicate_load_status:344 | Skill mycroft-date-time.mycroftai loaded successfully
2021-10-22 05:08:25.819 | INFO     |  5720 | mycroft.skills.skill_loader:load:185 | ATTEMPTING TO LOAD SKILL: mycroft-configuration.mycroftai
2021-10-22 05:08:25.828 | INFO     |  5720 | mycroft.skills.settings:get_local_settings:83 | /opt/mycroft/skills/mycroft-configuration.mycroftai/settings.json
2021-10-22 05:08:25.865 | INFO     |  5720 | mycroft.skills.skill_loader:_check_for_first_run:324 | First run of mycroft-configuration.mycroftai
2021-10-22 05:08:25.865 | INFO     |  5720 | mycroft.skills.settings:save_settings:116 | Skill settings successfully saved to /home/runner/.config/mycroft/skills/mycroft-configuration.mycroftai/settings.json
2021-10-22 05:08:25.866 | INFO     |  5720 | mycroft.skills.skill_loader:_communicate_load_status:344 | Skill mycroft-configuration.mycroftai loaded successfully
2021-10-22 05:08:25.878 | INFO     |  5720 | mycroft.skills.skill_loader:load:185 | ATTEMPTING TO LOAD SKILL: fallback-query.mycroftai
2021-10-22 05:08:25.890 | INFO     |  5720 | mycroft.skills.settings:get_local_settings:83 | /opt/mycroft/skills/fallback-query.mycroftai/settings.json
2021-10-22 05:08:25.910 | INFO     |  5720 | mycroft.skills.skill_loader:_check_for_first_run:324 | First run of fallback-query.mycroftai
2021-10-22 05:08:25.910 | INFO     |  5720 | mycroft.skills.settings:save_settings:116 | Skill settings successfully saved to /home/runner/.config/mycroft/skills/fallback-query.mycroftai/settings.json
2021-10-22 05:08:25.914 | INFO     |  5720 | mycroft.skills.skill_loader:_communicate_load_status:344 | Skill fallback-query.mycroftai loaded successfully
2021-10-22 05:08:25.915 | INFO     |  5720 | mycroft.skills.skill_loader:load:185 | ATTEMPTING TO LOAD SKILL: mycroft-personal.mycroftai
2021-10-22 05:08:25.919 | INFO     |  5720 | mycroft.skills.settings:get_local_settings:83 | /opt/mycroft/skills/mycroft-personal.mycroftai/settings.json
2021-10-22 05:08:25.961 | INFO     |  5720 | mycroft.skills.skill_loader:_check_for_first_run:324 | First run of mycroft-personal.mycroftai
2021-10-22 05:08:26.006 | INFO     |  5720 | mycroft.skills.settings:save_settings:116 | Skill settings successfully saved to /home/runner/.config/mycroft/skills/mycroft-personal.mycroftai/settings.json
2021-10-22 05:08:26.039 | INFO     |  5720 | mycroft.skills.skill_loader:_communicate_load_status:344 | Skill mycroft-personal.mycroftai loaded successfully
2021-10-22 05:08:26.039 | INFO     |  5720 | mycroft.skills.skill_loader:load:185 | ATTEMPTING TO LOAD SKILL: fallback-wolfram-alpha.mycroftai
2021-10-22 05:08:26.072 | INFO     |  5720 | mycroft.skills.settings:get_local_settings:83 | /opt/mycroft/skills/fallback-wolfram-alpha.mycroftai/settings.json
2021-10-22 05:08:26.084 | INFO     |  5720 | mycroft.skills.skill_loader:_check_for_first_run:324 | First run of fallback-wolfram-alpha.mycroftai
2021-10-22 05:08:26.085 | INFO     |  5720 | mycroft.skills.settings:save_settings:116 | Skill settings successfully saved to /home/runner/.config/mycroft/skills/fallback-wolfram-alpha.mycroftai/settings.json
2021-10-22 05:08:26.095 | INFO     |  5720 | mycroft.skills.skill_loader:_communicate_load_status:344 | Skill fallback-wolfram-alpha.mycroftai loaded successfully
2021-10-22 05:08:26.096 | INFO     |  5720 | mycroft.skills.skill_loader:load:185 | ATTEMPTING TO LOAD SKILL: mycroft-wiki.mycroftai
2021-10-22 05:08:26.103 | INFO     |  5720 | mycroft.skills.settings:get_local_settings:83 | /opt/mycroft/skills/mycroft-wiki.mycroftai/settings.json
2021-10-22 05:08:26.117 | INFO     |  5720 | mycroft.skills.skill_loader:_check_for_first_run:324 | First run of mycroft-wiki.mycroftai
2021-10-22 05:08:26.118 | INFO     |  5720 | mycroft.skills.settings:save_settings:116 | Skill settings successfully saved to /home/runner/.config/mycroft/skills/mycroft-wiki.mycroftai/settings.json
2021-10-22 05:08:26.137 | INFO     |  5720 | mycroft.skills.skill_loader:_communicate_load_status:344 | Skill mycroft-wiki.mycroftai loaded successfully
2021-10-22 05:08:26.137 | INFO     |  5720 | mycroft.skills.skill_loader:load:185 | ATTEMPTING TO LOAD SKILL: fallback-unknown.mycroftai
2021-10-22 05:08:26.143 | INFO     |  5720 | mycroft.skills.settings:get_local_settings:83 | /opt/mycroft/skills/fallback-unknown.mycroftai/settings.json
2021-10-22 05:08:26.154 | INFO     |  5720 | mycroft.skills.skill_loader:_check_for_first_run:324 | First run of fallback-unknown.mycroftai
2021-10-22 05:08:26.155 | INFO     |  5720 | mycroft.skills.settings:save_settings:116 | Skill settings successfully saved to /home/runner/.config/mycroft/skills/fallback-unknown.mycroftai/settings.json
2021-10-22 05:08:26.184 | INFO     |  5720 | mycroft.skills.skill_loader:_communicate_load_status:344 | Skill fallback-unknown.mycroftai loaded successfully
2021-10-22 05:08:26.185 | INFO     |  5720 | mycroft.skills.skill_loader:load:185 | ATTEMPTING TO LOAD SKILL: mycroft-playback-control.mycroftai
2021-10-22 05:08:26.190 | INFO     |  5720 | mycroft.skills.settings:get_local_settings:83 | /opt/mycroft/skills/mycroft-playback-control.mycroftai/settings.json
2021-10-22 05:08:26.228 | INFO     |  5720 | mycroft.skills.skill_loader:_check_for_first_run:324 | First run of mycroft-playback-control.mycroftai
2021-10-22 05:08:26.229 | INFO     |  5720 | mycroft.skills.settings:save_settings:116 | Skill settings successfully saved to /home/runner/.config/mycroft/skills/mycroft-playback-control.mycroftai/settings.json
2021-10-22 05:08:26.239 | INFO     |  5720 | mycroft.skills.skill_loader:_communicate_load_status:344 | Skill mycroft-playback-control.mycroftai loaded successfully
2021-10-22 05:08:26.240 | INFO     |  5720 | mycroft.skills.skill_manager:_load_on_startup:275 | Skills all loaded!
2021-10-22 05:08:26.291 | INFO     |  5720 | mycroft.skills.intent_services.padatious_service:train:151 | Training... (single_thread=False)
2021-10-22 05:08:26.311 | INFO     |  5720 | __main__:on_ready:185 | Skills service is ready.
Regenerated mycroft-alarm.mycroftai:{daytype}.
Regenerated mycroft-reminder.mycroftai:CancelActiveReminder.intent.
Regenerated mycroft-installer.mycroftai:install.intent.
Regenerated mycroft-reminder.mycroftai:ReminderAt.intent.
Regenerated mycroft-installer.mycroftai:is.installed.intent.
Regenerated mycroft-installer.mycroftai:install.beta.intent.
Regenerated mycroft-installer.mycroftai:list.skills.intent.
Regenerated mycroft-installer.mycroftai:remove.intent.
Regenerated homeassistant.mycroftai:tracker.intent.
Regenerated homeassistant.mycroftai:turn.off.intent.
Regenerated homeassistant.mycroftai:set.light.brightness.intent.
Regenerated homeassistant.mycroftai:turn.on.intent.
Regenerated homeassistant.mycroftai:set.climate.intent.
Regenerated homeassistant.mycroftai:sensor.intent.
Regenerated homeassistant.mycroftai:toggle.intent.
Regenerated mycroft-personal.mycroftai:WhoAreYou.intent.
Regenerated mycroft-personal.mycroftai:WhoMadeYou.intent.
Regenerated mycroft-personal.mycroftai:WhereWereYouBorn.intent.
Regenerated mycroft-personal.mycroftai:WhenWereYouBorn.intent.
Regenerated mycroft-personal.mycroftai:DoYouRhyme.intent.
Regenerated mycroft-personal.mycroftai:WhatAreYou.intent.
Regenerated mycroft-wiki.mycroftai:Random.intent.
Regenerated mycroft-reminder.mycroftai:UnspecifiedReminderAt.intent.
Regenerated mycroft-reminder.mycroftai:ClearReminders.intent.
Regenerated mycroft-reminder.mycroftai:Reminder.intent.
Regenerated mycroft-reminder.mycroftai:GetRemindersForDay.intent.
Regenerated mycroft-reminder.mycroftai:DeleteReminderForDay.intent.
Regenerated mycroft-reminder.mycroftai:SnoozeReminder.intent.
Regenerated mycroft-reminder.mycroftai:GetNextReminders.intent.
Regenerated mycroft-installer.mycroftai:install.custom.intent.
Regenerated mycroft-timer.mycroftai:start.timer.intent.
Regenerated mycroft-timer.mycroftai:timer.status.intent.
Regenerated homeassistant.mycroftai:automation.intent.
Regenerated homeassistant.mycroftai:add.item.shopping.list.intent.
Regenerated homeassistant.mycroftai:increase.light.brightness.intent.
Regenerated homeassistant.mycroftai:decrease.light.brightness.intent.
Regenerated mycroft-alarm.mycroftai:change.alarm.sound.intent.
Regenerated mycroft-alarm.mycroftai:snooze.intent.
Regenerated mycroft-npr-news.mycroftai:PlayTheNews.intent.
Regenerated mycroft-support-helper.mycroftai:contact.support.intent.
Regenerated mycroft-weather.mycroftai:do-i-need-an-umbrella.intent.
Regenerated mycroft-audio-record.mycroftai:PlayRecording.intent.
Regenerated mycroft-audio-record.mycroftai:StartRecording.intent.
Regenerated mycroft-stop.mycroftai:wifi.setup.intent.
Regenerated mycroft-stop.mycroftai:reboot.intent.
Regenerated mycroft-stop.mycroftai:ssh.disable.intent.
Regenerated mycroft-stop.mycroftai:shutdown.intent.
Regenerated mycroft-stop.mycroftai:ssh.enable.intent.
Regenerated mycroft-hello-world.mycroftai:HowAreYou.intent.
Regenerated mycroft-date-time.mycroftai:what.time.will.it.be.intent.
Regenerated mycroft-date-time.mycroftai:date.last.weekend.intent.
Regenerated mycroft-date-time.mycroftai:what.time.is.it.intent.
Regenerated mycroft-date-time.mycroftai:date.future.weekend.intent.
Regenerated mycroft-configuration.mycroftai:WhereAreYou.intent.
Regenerated mycroft-configuration.mycroftai:DisablePreciseDev.intent.
Regenerated mycroft-configuration.mycroftai:EnablePreciseDev.intent.
Regenerated mycroft-personal.mycroftai:DoYouDream.intent.
2021-10-22 05:08:30.772 | INFO     |  5720 | mycroft.skills.intent_services.padatious_service:train:153 | Training complete.
2021-10-22 05:08:38.161 | INFO     |  5720 | mycroft.skills.settings:save_settings:116 | Skill settings successfully saved to /home/runner/.config/mycroft/skills/mycroft-pairing.mycroftai/settings.json
2021-10-22 05:08:38.460 | INFO     |  5720 | mycroft.skills.settings:save_settings:116 | Skill settings successfully saved to /home/runner/.config/mycroft/skills/mycroft-timer.mycroftai/settings.json
2021-10-22 05:09:06.823 | INFO     |  5720 | __main__:on_stopping:193 | Skills service is shutting down...
2021-10-22 05:09:06.824 | INFO     |  5720 | __main__:shutdown:284 | Shutting down Skills service
2021-10-22 05:09:06.961 | ERROR    |  5720 | VolumeSkill | Couldn't allocate mixer, ALSAAudioError('No such file or directory [default]')
2021-10-22 05:09:06.962 | INFO     |  5720 | mycroft.skills.settings:save_settings:116 | Skill settings successfully saved to /home/runner/.config/mycroft/skills/mycroft-volume.mycroftai/settings.json
2021-10-22 05:09:06.964 | INFO     |  5720 | mycroft.skills.settings:save_settings:116 | Skill settings successfully saved to /home/runner/.config/mycroft/skills/mycroft-ip.mycroftai/settings.json
2021-10-22 05:09:06.980 | INFO     |  5720 | mycroft.skills.settings:save_settings:116 | Skill settings successfully saved to /home/runner/.config/mycroft/skills/mycroft-reminder.mycroftai/settings.json
2021-10-22 05:09:06.987 | INFO     |  5720 | mycroft.skills.settings:save_settings:116 | Skill settings successfully saved to /home/runner/.config/mycroft/skills/mycroft-installer.mycroftai/settings.json
2021-10-22 05:09:06.988 | INFO     |  5720 | mycroft.skills.settings:save_settings:116 | Skill settings successfully saved to /home/runner/.config/mycroft/skills/mycroft-version-checker.mycroftai/settings.json
2021-10-22 05:09:06.999 | INFO     |  5720 | mycroft.skills.settings:save_settings:116 | Skill settings successfully saved to /home/runner/.config/mycroft/skills/mycroft-singing.mycroftai/settings.json
2021-10-22 05:09:07.002 | INFO     |  5720 | mycroft.skills.settings:save_settings:116 | Skill settings successfully saved to /home/runner/.config/mycroft/skills/mycroft-joke.mycroftai/settings.json
2021-10-22 05:09:07.013 | INFO     |  5720 | HomeAssistantSkill | Removing all handlers...
2021-10-22 05:09:07.014 | WARNING  |  5720 | mycroft.skills.fallback_skill:remove_fallback:185 | Could not find matching fallback handler
2021-10-22 05:09:07.015 | INFO     |  5720 | mycroft.skills.settings:save_settings:116 | Skill settings successfully saved to /home/runner/.config/mycroft/skills/mycroft-alarm.mycroftai/settings.json
2021-10-22 05:09:07.025 | INFO     |  5720 | mycroft.skills.settings:save_settings:116 | Skill settings successfully saved to /home/runner/.config/mycroft/skills/mycroft-naptime.mycroftai/settings.json
2021-10-22 05:09:07.031 | INFO     |  5720 | mycroft.skills.settings:save_settings:116 | Skill settings successfully saved to /home/runner/.config/mycroft/skills/mycroft-spelling.mycroftai/settings.json
2021-10-22 05:09:07.037 | INFO     |  5720 | mycroft.skills.settings:save_settings:116 | Skill settings successfully saved to /home/runner/.config/mycroft/skills/mycroft-fallback-duck-duck-go.mycroftai/settings.json
2021-10-22 05:09:07.038 | INFO     |  5720 | mycroft.skills.settings:save_settings:116 | Skill settings successfully saved to /home/runner/.config/mycroft/skills/mycroft-npr-news.mycroftai/settings.json
2021-10-22 05:09:07.040 | INFO     |  5720 | mycroft.skills.settings:save_settings:116 | Skill settings successfully saved to /home/runner/.config/mycroft/skills/mycroft-support-helper.mycroftai/settings.json
2021-10-22 05:09:07.045 | INFO     |  5720 | mycroft.skills.settings:save_settings:116 | Skill settings successfully saved to /home/runner/.config/mycroft/skills/mycroft-weather.mycroftai/settings.json
2021-10-22 05:09:07.047 | INFO     |  5720 | mycroft.skills.settings:save_settings:116 | Skill settings successfully saved to /home/runner/.config/mycroft/skills/mycroft-speak.mycroftai/settings.json
2021-10-22 05:09:07.055 | INFO     |  5720 | mycroft.skills.settings:save_settings:116 | Skill settings successfully saved to /home/runner/.config/mycroft/skills/mycroft-audio-record.mycroftai/settings.json
2021-10-22 05:09:07.056 | INFO     |  5720 | mycroft.skills.settings:save_settings:116 | Skill settings successfully saved to /home/runner/.config/mycroft/skills/mycroft-stop.mycroftai/settings.json
2021-10-22 05:09:07.058 | INFO     |  5720 | mycroft.skills.settings:save_settings:116 | Skill settings successfully saved to /home/runner/.config/mycroft/skills/mycroft-hello-world.mycroftai/settings.json
2021-10-22 05:09:07.059 | INFO     |  5720 | mycroft.skills.settings:save_settings:116 | Skill settings successfully saved to /home/runner/.config/mycroft/skills/mycroft-date-time.mycroftai/settings.json
2021-10-22 05:09:07.070 | INFO     |  5720 | mycroft.skills.settings:save_settings:116 | Skill settings successfully saved to /home/runner/.config/mycroft/skills/mycroft-configuration.mycroftai/settings.json
2021-10-22 05:09:07.071 | INFO     |  5720 | QuestionsAnswersSkill | Removing all handlers...
2021-10-22 05:09:07.077 | INFO     |  5720 | mycroft.skills.settings:save_settings:116 | Skill settings successfully saved to /home/runner/.config/mycroft/skills/fallback-query.mycroftai/settings.json
2021-10-22 05:09:07.079 | INFO     |  5720 | mycroft.skills.settings:save_settings:116 | Skill settings successfully saved to /home/runner/.config/mycroft/skills/mycroft-personal.mycroftai/settings.json
2021-10-22 05:09:07.080 | INFO     |  5720 | mycroft.skills.settings:save_settings:116 | Skill settings successfully saved to /home/runner/.config/mycroft/skills/fallback-wolfram-alpha.mycroftai/settings.json
2021-10-22 05:09:07.081 | INFO     |  5720 | mycroft.skills.settings:save_settings:116 | Skill settings successfully saved to /home/runner/.config/mycroft/skills/mycroft-wiki.mycroftai/settings.json
2021-10-22 05:09:07.090 | INFO     |  5720 | UnknownSkill | Removing all handlers...
2021-10-22 05:09:07.091 | INFO     |  5720 | mycroft.skills.settings:save_settings:116 | Skill settings successfully saved to /home/runner/.config/mycroft/skills/fallback-unknown.mycroftai/settings.json
2021-10-22 05:09:07.097 | INFO     |  5720 | mycroft.skills.settings:save_settings:116 | Skill settings successfully saved to /home/runner/.config/mycroft/skills/mycroft-playback-control.mycroftai/settings.json
2021-10-22 05:09:08.098 | INFO     |  5720 | Playback Control Skill | Audio service status: {}
2021-10-22 05:09:09.099 | WARNING  |  5720 | mycroft.skills.skill_manager:_shutdown_skill:106 | mycroft-playback-control.mycroftai shutdown took 2.002205618000005 seconds
2021-10-22 05:09:09.100 | INFO     |  5720 | __main__:shutdown:291 | Skills service shutdown complete!
2021-10-22 05:09:10.572 | ERROR    |  5720 | websocket | error from callback <bound method MessageBusClient.on_message of <mycroft.messagebus.client.client.MessageBusClient object at 0x7f3326b46d10>>: cannot schedule new futures after shutdown
2021-10-22 05:09:10.575 | ERROR    |  5720 | websocket | error from callback <bound method MessageBusClient.on_message of <mycroft.messagebus.client.client.MessageBusClient object at 0x7f3326b46d10>>: cannot schedule new futures after shutdown
2021-10-22 05:09:10.579 | ERROR    |  5720 | websocket | error from callback <bound method MessageBusClient.on_message of <mycroft.messagebus.client.client.MessageBusClient object at 0x7f3326b46d10>>: cannot schedule new futures after shutdown
2021-10-22 05:09:10.581 | ERROR    |  5720 | websocket | error from callback <bound method MessageBusClient.on_message of <mycroft.messagebus.client.client.MessageBusClient object at 0x7f3326b46d10>>: cannot schedule new futures after shutdown
2021-10-22 05:09:10.583 | ERROR    |  5720 | websocket | error from callback <bound method MessageBusClient.on_message of <mycroft.messagebus.client.client.MessageBusClient object at 0x7f3326b46d10>>: cannot schedule new futures after shutdown
